Server running on http://localhost:3000
GET /AboutUs/index.html 200 - - 43.783 ms
GET /style.css 200 - - 5.279 ms
GET /AboutUs/style.css 200 - - 15.724 ms
GET /AboutUs/script.js 200 - - 6.650 ms
GET /Cart/cart.js 200 - - 10.590 ms
GET /api/cart 304 - - 20.106 ms
GET /api/cart 304 - - 3.592 ms
GET /style.css 200 - - 5.388 ms
GET /Cart/cart.js 200 - - 7.971 ms
GET /script.js 200 - - 7.455 ms
GET /Products/voda.png - - - - ms
GET /api/cart 304 - - 3.694 ms
GET /api/cart 304 - - 2.743 ms
GET / 200 22747 - 1.679 ms
GET /Products/ 200 8964 - 2.105 ms
GET /AboutUs/ 200 9969 - 1.246 ms
GET /Product-detail/ 200 12780 - 1.418 ms
GET /index.html 200 - - 6.017 ms
GET /style.css 200 - - 8.216 ms
GET /Cart/cart.js 200 - - 9.514 ms
GET /script.js 200 - - 9.922 ms
GET /api/cart 304 - - 4.211 ms
GET /api/cart 304 - - 3.591 ms
GET /AboutUs/index.html - - - - ms
GET /style.css 200 - - 8.727 ms
GET /AboutUs/style.css 200 - - 9.250 ms
GET /Cart/cart.js 200 - - 6.342 ms
GET /AboutUs/script.js 200 - - 9.505 ms
GET /api/cart 304 - - 3.437 ms
GET /api/cart 304 - - 14.857 ms
GET /Products/style.css 200 - - 4.733 ms
GET /Products/script.js 200 - - 4.361 ms
GET /Cart/cart.js 200 - - 4.452 ms
GET /api/cart 304 - - 3.583 ms
GET /api/cart 304 - - 2.155 ms
GET /style.css 200 - - 2.476 ms
GET /Cart/cart.js 200 - - 3.333 ms
GET /script.js 200 - - 3.112 ms
GET /api/cart 304 - - 2.796 ms
GET /api/cart 304 - - 4.962 ms
GET /index.html 200 - - 2.811 ms
GET /style.css 200 - - 4.189 ms
GET /Cart/cart.js 200 - - 7.733 ms
GET /script.js 200 - - 9.542 ms
GET /Products/test.png 200 122775 - 18.160 ms
GET /Products/voda.png 200 117750 - 17.188 ms
GET /pexels-cottonbro-7885592.jpg 200 2565446 - 9.913 ms
GET /api/cart 200 40 - 1.823 ms
GET /Font/TelkaTRIAL-Bold.otf 200 - - 3.299 ms
GET /Font/TelkaTRIAL-Medium.otf 200 - - 3.305 ms
GET /api/cart 200 40 - 6.861 ms
GET /favicon.ico 404 9 - 1.395 ms
GET /style.css 200 - - 5.108 ms
GET /AboutUs/style.css 200 - - 5.774 ms
GET /Cart/cart.js 200 - - 5.808 ms
GET /AboutUs/script.js 200 - - 9.072 ms
GET /api/cart 304 - - 2.757 ms
GET /api/cart 304 - - 4.909 ms
GET /Products/style.css 200 - - 2.245 ms
GET /Cart/cart.js 200 - - 2.011 ms
GET /Products/script.js 200 - - 6.100 ms
GET /api/cart 304 - - 1.635 ms
GET /api/cart 304 - - 1.588 ms
GET /Cart/cart.js 200 - - 3.578 ms
GET /style.css 200 - - 3.575 ms
GET /script.js 200 - - 2.857 ms
GET /api/cart 304 - - 2.059 ms
GET /api/cart 304 - - 1.963 ms
GET /style.css 200 - - 6.635 ms
GET /AboutUs/script.js 200 - - 6.494 ms
GET /AboutUs/style.css 200 - - 7.151 ms
GET /Cart/cart.js 200 - - 9.071 ms
GET /api/cart 304 - - 1.885 ms
GET /api/cart 304 - - 1.355 ms
GET /Cart/cart.js 200 - - 3.334 ms
GET /style.css 200 - - 4.036 ms
GET /script.js 200 - - 2.103 ms
GET /api/cart 304 - - 3.485 ms
GET /api/cart 304 - - 1.928 ms
GET /index.html 200 - - 2.406 ms
GET /style.css 200 - - 2.034 ms
GET /Cart/cart.js 200 - - 4.688 ms
GET /script.js 200 - - 1.593 ms
GET /Products/test.png 200 122775 - 3.661 ms
GET /Products/voda.png 200 117750 - 5.528 ms
GET /api/cart 200 40 - 1.711 ms
GET /pexels-cottonbro-7885592.jpg 200 2565446 - 1.670 ms
GET /Font/TelkaTRIAL-Bold.otf 200 - - 4.506 ms
GET /Font/TelkaTRIAL-Medium.otf 200 - - 4.358 ms
GET /api/cart 200 40 - 6.293 ms
GET /favicon.ico 404 9 - 1.412 ms
GET /AboutUs/index.html - - - - ms
GET /AboutUs/style.css 200 - - 5.180 ms
GET /style.css 200 - - 5.191 ms
GET /Cart/cart.js 200 - - 5.623 ms
GET /AboutUs/script.js 200 - - 5.302 ms
GET /api/cart 304 - - 4.440 ms
GET /api/cart 304 - - 2.097 ms
GET /index.html - - - - ms
GET /style.css 200 - - 5.532 ms
GET /script.js 200 - - 3.421 ms
GET /Cart/cart.js 200 - - 4.760 ms
GET /api/cart 304 - - 1.610 ms
GET /api/cart 200 40 - 1.460 ms
GET /Products/style.css 200 - - 3.697 ms
GET /Cart/cart.js 200 - - 3.682 ms
GET /Products/script.js 200 - - 3.464 ms
GET /api/cart 304 - - 2.728 ms
GET /api/cart 304 - - 1.497 ms
GET /Cart/cart.js 200 - - 3.186 ms
GET /script.js 200 - - 3.300 ms
GET /style.css 200 - - 4.296 ms
GET /api/cart 304 - - 1.905 ms
GET /api/cart 304 - - 2.447 ms
GET /Products/style.css 200 - - 4.861 ms
GET /Cart/cart.js 200 - - 4.441 ms
GET /Products/script.js 200 - - 4.314 ms
GET /api/cart 304 - - 1.480 ms
GET /api/cart 304 - - 1.453 ms
GET /style.css 200 - - 4.851 ms
GET /AboutUs/style.css 200 - - 7.459 ms
GET /Cart/cart.js 200 - - 12.925 ms
GET /AboutUs/script.js 200 - - 10.914 ms
GET /api/cart 304 - - 12.504 ms
GET /api/cart 304 - - 2.703 ms
GET /Cart/cart.js 200 - - 4.229 ms
GET /script.js 200 - - 4.318 ms
GET /style.css 200 - - 4.818 ms
GET /api/cart 304 - - 2.003 ms
GET /api/cart 304 - - 1.853 ms
GET / 200 22747 - 2.165 ms
GET /index.html 200 - - 2.504 ms
GET /style.css 200 - - 2.881 ms
GET /Cart/cart.js 200 - - 4.889 ms
GET /script.js 200 - - 1.682 ms
GET /Products/test.png 200 122775 - 6.950 ms
GET /Products/voda.png 200 117750 - 5.986 ms
GET /pexels-cottonbro-7885592.jpg 200 2565446 - 6.880 ms
GET /api/cart 200 40 - 4.082 ms
GET /api/cart 200 40 - 2.062 ms
GET /Font/TelkaTRIAL-Bold.otf 200 - - 3.042 ms
GET /Font/TelkaTRIAL-Medium.otf 200 - - 2.638 ms
GET /favicon.ico 404 9 - 3.691 ms
GET /Products/index.html - - - - ms
GET /Products/style.css 200 - - 8.994 ms
GET /Cart/cart.js 200 - - 10.293 ms
GET /Products/script.js 200 - - 9.524 ms
GET /api/cart 304 - - 1.461 ms
GET /api/cart 304 - - 1.603 ms
GET /AboutUs/style.css 200 - - 3.265 ms
GET /style.css 200 - - 3.562 ms
GET /Cart/cart.js 200 - - 4.997 ms
GET /AboutUs/script.js 200 - - 10.470 ms
GET /api/cart 304 - - 3.778 ms
GET /api/cart 304 - - 1.347 ms
GET /style.css 200 - - 6.948 ms
GET /script.js 200 - - 3.935 ms
GET /Cart/cart.js 200 - - 6.200 ms
GET /api/cart 304 - - 1.597 ms
GET /api/cart 304 - - 1.898 ms
GET /Products/style.css 200 - - 5.066 ms
GET /Cart/cart.js 200 - - 5.427 ms
GET /Products/script.js 200 - - 7.374 ms
GET /api/cart 304 - - 3.149 ms
GET /api/cart 304 - - 3.690 ms
GET /style.css 200 - - 4.970 ms
GET /AboutUs/script.js 200 - - 2.885 ms
GET /Cart/cart.js 200 - - 3.176 ms
GET /AboutUs/style.css 200 - - 4.387 ms
GET /api/cart 304 - - 2.272 ms
GET /api/cart 304 - - 4.099 ms
GET /Products/style.css 200 - - 4.393 ms
GET /Products/script.js 200 - - 2.724 ms
GET /Cart/cart.js 200 - - 4.404 ms
GET /api/cart 304 - - 1.559 ms
GET /api/cart 304 - - 1.424 ms
GET /style.css 200 - - 1.312 ms
GET /Cart/cart.js 200 - - 2.086 ms
GET /script.js 200 - - 1.695 ms
GET /api/cart 304 - - 1.805 ms
GET /api/cart 304 - - 2.608 ms
GET /index.html 200 - - 1.526 ms
GET /style.css 200 - - 1.274 ms
GET /Cart/cart.js 200 - - 2.135 ms
GET /script.js 200 - - 1.774 ms
GET /Products/test.png 200 122775 - 7.581 ms
GET /Products/voda.png 200 117750 - 3.168 ms
GET /pexels-cottonbro-7885592.jpg 200 2565446 - 1.907 ms
GET /Font/TelkaTRIAL-Bold.otf 200 - - 3.909 ms
GET /Font/TelkaTRIAL-Medium.otf 200 - - 3.568 ms
GET /api/cart 200 40 - 2.059 ms
GET /api/cart 200 40 - 5.093 ms
GET /favicon.ico 404 9 - 0.812 ms
GET /Products/index.html 200 - - 1.282 ms
GET /Products/style.css 200 - - 2.952 ms
GET /Cart/cart.js 200 - - 2.879 ms
GET /Products/script.js 200 - - 2.907 ms
GET /api/cart 304 - - 1.765 ms
GET /api/cart 304 - - 1.571 ms
GET /AboutUs/style.css 200 - - 3.716 ms
GET /style.css 200 - - 5.050 ms
GET /Cart/cart.js 200 - - 4.445 ms
GET /AboutUs/script.js 200 - - 4.045 ms
GET /api/cart 304 - - 2.897 ms
GET /api/cart 304 - - 2.926 ms
GET /Cart/cart.js 200 - - 4.026 ms
GET /script.js 200 - - 4.190 ms
GET /style.css 200 - - 5.393 ms
GET /api/cart 304 - - 1.962 ms
GET /api/cart 304 - - 1.819 ms
GET /index.html 200 - - 2.234 ms
GET /style.css 200 - - 7.015 ms
GET /Cart/cart.js 200 - - 6.733 ms
GET /script.js 200 - - 4.775 ms
GET /api/cart 200 40 - 2.349 ms
GET /api/cart 304 - - 5.167 ms
GET /favicon.ico 404 9 - 1.200 ms
GET /index.html 200 - - 2.075 ms
GET /style.css 200 - - 1.731 ms
GET /Cart/cart.js 200 - - 3.720 ms
GET /script.js 200 - - 3.083 ms
GET /Products/test.png 200 122775 - 4.918 ms
GET /Products/voda.png 200 117750 - 4.889 ms
GET /pexels-cottonbro-7885592.jpg 200 2565446 - 1.405 ms
GET /Font/TelkaTRIAL-Bold.otf 200 - - 7.315 ms
GET /Font/TelkaTRIAL-Medium.otf 200 - - 3.471 ms
GET /api/cart 200 40 - 5.397 ms
GET /api/cart 200 40 - 6.807 ms
GET /favicon.ico 404 9 - 1.258 ms
GET /Products/style.css 200 - - 6.744 ms
GET /Cart/cart.js 200 - - 5.857 ms
GET /Products/script.js 200 - - 6.249 ms
GET /api/cart 304 - - 1.879 ms
GET /api/cart 304 - - 2.594 ms
GET /style.css 200 - - 5.929 ms
GET /Cart/cart.js 200 - - 6.624 ms
GET /AboutUs/style.css 200 - - 6.909 ms
GET /AboutUs/script.js 200 - - 5.326 ms
GET /api/cart 304 - - 4.638 ms
GET /api/cart 304 - - 1.952 ms
GET /Products/style.css 200 - - 3.411 ms
GET /Cart/cart.js 200 - - 3.217 ms
GET /Products/script.js 200 - - 3.388 ms
GET /api/cart 304 - - 2.354 ms
GET /api/cart 304 - - 2.690 ms
GET /style.css 200 - - 9.355 ms
GET /AboutUs/style.css 200 - - 10.252 ms
GET /AboutUs/script.js 200 - - 8.585 ms
GET /Cart/cart.js 200 - - 9.780 ms
GET /api/cart 304 - - 12.121 ms
GET /api/cart 304 - - 1.706 ms
GET /AboutUs/index.html 200 - - 2.349 ms
GET /style.css 200 - - 6.190 ms
GET /AboutUs/style.css 200 - - 6.944 ms
GET /AboutUs/script.js 200 - - 6.484 ms
GET /Cart/cart.js 200 - - 8.862 ms
GET /Font/TelkaTRIAL-Bold.otf 200 - - 3.008 ms
GET /Font/TelkaTRIAL-Medium.otf 200 - - 2.202 ms
GET /api/cart 200 40 - 2.810 ms
GET /api/cart 200 40 - 4.631 ms
GET /Font/TelkaTRIAL-Bold.otf 200 - - 1.458 ms
GET /Font/TelkaTRIAL-Medium.otf 200 - - 3.872 ms
GET /favicon.ico 404 9 - 1.806 ms
GET /AboutUs/index.html 200 - - 2.240 ms
GET /style.css 200 - - 5.127 ms
GET /AboutUs/style.css 200 - - 5.731 ms
GET /Cart/cart.js 200 - - 4.695 ms
GET /AboutUs/script.js 200 - - 7.344 ms
GET /Font/TelkaTRIAL-Bold.otf 200 - - 3.842 ms
GET /Font/TelkaTRIAL-Medium.otf 200 - - 2.987 ms
GET /api/cart 200 40 - 5.305 ms
GET /api/cart 200 40 - 9.812 ms
GET /Font/TelkaTRIAL-Bold.otf 200 - - 4.226 ms
GET /Font/TelkaTRIAL-Medium.otf 200 - - 3.151 ms
GET /favicon.ico 404 9 - 1.256 ms
GET /AboutUs/muz2.jpg 200 383637 - 7.600 ms
GET /AboutUs/muz1.jpg 200 658966 - 7.757 ms
